IBeaconPoC/build/outputs/logs/manifest-merger-debug-report.txt
-- Merging decision tree log ---
manifest
ADDED from src/main/AndroidManifest.xml:1:1-73:12
	package
		ADDED from src/main/AndroidManifest.xml:2:5-46
		INJECTED from src/main/AndroidManifest.xml
		INJECTED from src/main/AndroidManifest.xml
	android:versionName
		ADDED from src/main/AndroidManifest.xml:4:5-30
	android:versionCode
		ADDED from src/main/AndroidManifest.xml:3:5-28
		INJECTED from src/main/AndroidManifest.xml
		INJECTED from src/main/AndroidManifest.xml
	xmlns:android
		ADDED from src/main/AndroidManifest.xml:1:11-69
	android:installLocation
		ADDED from src/main/AndroidManifest.xml:5:5-45
uses-sdk
ADDED from src/main/AndroidManifest.xml:7:5-9:41
MERGED from [org.altbeacon:android-beacon-library:2.6.1] AndroidManifest.xml:7:5-9:41
MERGED from [IBeaconPoC:googleplayservices_lib:unspecified] AndroidManifest.xml:23:5-25:40
	android:targetSdkVersion
		ADDED from src/main/AndroidManifest.xml:9:9-38
		INJECTED from src/main/AndroidManifest.xml
		INJECTED from src/main/AndroidManifest.xml
	android:minSdkVersion
		ADDED from src/main/AndroidManifest.xml:8:9-35
		INJECTED from src/main/AndroidManifest.xml
		INJECTED from src/main/AndroidManifest.xml
uses-permission#android.permission.INTERNET
ADDED from src/main/AndroidManifest.xml:10:5-66
	android:name
		ADDED from src/main/AndroidManifest.xml:10:22-64
uses-permission#android.permission.BLUETOOTH
ADDED from src/main/AndroidManifest.xml:11:5-67
MERGED from [org.altbeacon:android-beacon-library:2.6.1] AndroidManifest.xml:11:5-68
	android:name
		ADDED from src/main/AndroidManifest.xml:11:22-65
uses-permission#android.permission.BLUETOOTH_ADMIN
ADDED from src/main/AndroidManifest.xml:12:5-73
MERGED from [org.altbeacon:android-beacon-library:2.6.1] AndroidManifest.xml:12:5-74
	android:name
		ADDED from src/main/AndroidManifest.xml:12:22-71
uses-permission#android.permission.WRITE_EXTERNAL_STORAGE
ADDED from src/main/AndroidManifest.xml:13:2-78
	android:name
		ADDED from src/main/AndroidManifest.xml:13:19-75
uses-permission#android.permission.ACCESS_FINE_LOCATION
ADDED from src/main/AndroidManifest.xml:14:2-75
	android:name
		ADDED from src/main/AndroidManifest.xml:14:19-73
uses-permission#android.permission.ACCESS_NETWORK_STATE
ADDED from src/main/AndroidManifest.xml:16:5-78
	android:name
		ADDED from src/main/AndroidManifest.xml:16:22-76
uses-permission#com.google.android.providers.gsf.permission.READ_GSERVICES
ADDED from src/main/AndroidManifest.xml:18:5-97
	android:name
		ADDED from src/main/AndroidManifest.xml:18:22-95
uses-permission#android.permission.ACCESS_COARSE_LOCATION
ADDED from src/main/AndroidManifest.xml:21:5-80
MERGED from [org.altbeacon:android-beacon-library:2.6.1] AndroidManifest.xml:14:5-81
	android:name
		ADDED from src/main/AndroidManifest.xml:21:22-78
uses-feature#0x00020000
ADDED from src/main/AndroidManifest.xml:23:5-25:34
	android:glEsVersion
		ADDED from src/main/AndroidManifest.xml:24:9-41
	android:required
		ADDED from src/main/AndroidManifest.xml:25:9-32
application
ADDED from src/main/AndroidManifest.xml:30:5-71:19
MERGED from [org.altbeacon:android-beacon-library:2.6.1] AndroidManifest.xml:16:5-35:19
MERGED from [IBeaconPoC:googleplayservices_lib:unspecified] AndroidManifest.xml:27:5-20
	android:label
		ADDED from src/main/AndroidManifest.xml:34:9-41
	android:allowBackup
		ADDED from src/main/AndroidManifest.xml:32:9-35
	android:icon
		ADDED from src/main/AndroidManifest.xml:33:9-45
	android:name
		ADDED from src/main/AndroidManifest.xml:31:9-70
meta-data#com.google.android.gms.version
ADDED from src/main/AndroidManifest.xml:36:9-37:65
	android:value
		ADDED from src/main/AndroidManifest.xml:37:9-62
	android:name
		ADDED from src/main/AndroidManifest.xml:36:20-65
meta-data#com.google.android.maps.v2.API_KEY
ADDED from src/main/AndroidManifest.xml:38:9-40:71
	android:value
		ADDED from src/main/AndroidManifest.xml:40:13-68
	android:name
		ADDED from src/main/AndroidManifest.xml:39:13-62
activity#net.jmodwyer.beacon.beaconPoC.ScanActivity
ADDED from src/main/AndroidManifest.xml:42:9-50:20
	android:label
		ADDED from src/main/AndroidManifest.xml:45:13-45
	android:configChanges
		ADDED from src/main/AndroidManifest.xml:44:13-59
	android:name
		ADDED from src/main/AndroidManifest.xml:43:13-70
intent-filter#android.intent.action.MAIN+android.intent.category.LAUNCHER
ADDED from src/main/AndroidManifest.xml:46:13-49:29
action#android.intent.action.MAIN
ADDED from src/main/AndroidManifest.xml:47:5-57
	android:name
		ADDED from src/main/AndroidManifest.xml:47:13-54
category#android.intent.category.LAUNCHER
ADDED from src/main/AndroidManifest.xml:48:17-77
	android:name
		ADDED from src/main/AndroidManifest.xml:48:27-74
activity#net.jmodwyer.beacon.beaconPoC.AppPreferenceActivity
ADDED from src/main/AndroidManifest.xml:52:9-59:20
	android:label
		ADDED from src/main/AndroidManifest.xml:54:13-45
	android:name
		ADDED from src/main/AndroidManifest.xml:53:13-79
intent-filter#android.intent.category.DEFAULT+net.jmodwyer.ibeacon.ibeaconPoC.AppPreferenceActivity
ADDED from src/main/AndroidManifest.xml:55:13-58:29
action#net.jmodwyer.ibeacon.ibeaconPoC.AppPreferenceActivity
ADDED from src/main/AndroidManifest.xml:56:5-84
	android:name
		ADDED from src/main/AndroidManifest.xml:56:13-81
category#android.intent.category.DEFAULT
ADDED from src/main/AndroidManifest.xml:57:17-76
	android:name
		ADDED from src/main/AndroidManifest.xml:57:27-73
activity#net.jmodwyer.beacon.beaconPoC.FileHandlerActivity
ADDED from src/main/AndroidManifest.xml:61:9-69:17
	android:label
		ADDED from src/main/AndroidManifest.xml:63:10-42
	android:parentActivityName
		ADDED from src/main/AndroidManifest.xml:64:10-81
	android:name
		ADDED from src/main/AndroidManifest.xml:62:10-74
meta-data#android.support.PARENT_ACTIVITY
ADDED from src/main/AndroidManifest.xml:66:10-68:77
	android:value
		ADDED from src/main/AndroidManifest.xml:68:14-74
	android:name
		ADDED from src/main/AndroidManifest.xml:67:14-60
uses-permission#android.permission.RECEIVE_BOOT_COMPLETED
ADDED from [org.altbeacon:android-beacon-library:2.6.1] AndroidManifest.xml:13:5-81
	android:name
		ADDED from [org.altbeacon:android-beacon-library:2.6.1] AndroidManifest.xml:13:22-78
receiver#org.altbeacon.beacon.startup.StartupBroadcastReceiver
ADDED from [org.altbeacon:android-beacon-library:2.6.1] AndroidManifest.xml:17:9-23:20
	android:name
		ADDED from [org.altbeacon:android-beacon-library:2.6.1] AndroidManifest.xml:17:19-87
intent-filter#android.intent.action.ACTION_POWER_CONNECTED+android.intent.action.ACTION_POWER_DISCONNECTED+android.intent.action.BOOT_COMPLETED
ADDED from [org.altbeacon:android-beacon-library:2.6.1] AndroidManifest.xml:18:13-22:29
action#android.intent.action.BOOT_COMPLETED
ADDED from [org.altbeacon:android-beacon-library:2.6.1] AndroidManifest.xml:19:17-79
	android:name
		ADDED from [org.altbeacon:android-beacon-library:2.6.1] AndroidManifest.xml:19:25-76
action#android.intent.action.ACTION_POWER_CONNECTED
ADDED from [org.altbeacon:android-beacon-library:2.6.1] AndroidManifest.xml:20:17-87
	android:name
		ADDED from [org.altbeacon:android-beacon-library:2.6.1] AndroidManifest.xml:20:25-84
action#android.intent.action.ACTION_POWER_DISCONNECTED
ADDED from [org.altbeacon:android-beacon-library:2.6.1] AndroidManifest.xml:21:17-90
	android:name
		ADDED from [org.altbeacon:android-beacon-library:2.6.1] AndroidManifest.xml:21:25-87
service#org.altbeacon.beacon.service.BeaconService
ADDED from [org.altbeacon:android-beacon-library:2.6.1] AndroidManifest.xml:25:9-30:38
	android:enabled
		ADDED from [org.altbeacon:android-beacon-library:2.6.1] AndroidManifest.xml:27:13-35
	android:label
		ADDED from [org.altbeacon:android-beacon-library:2.6.1] AndroidManifest.xml:30:13-35
	android:exported
		ADDED from [org.altbeacon:android-beacon-library:2.6.1] AndroidManifest.xml:28:13-37
	android:isolatedProcess
		ADDED from [org.altbeacon:android-beacon-library:2.6.1] AndroidManifest.xml:29:13-44
	android:name
		ADDED from [org.altbeacon:android-beacon-library:2.6.1] AndroidManifest.xml:26:13-70
service#org.altbeacon.beacon.BeaconIntentProcessor
ADDED from [org.altbeacon:android-beacon-library:2.6.1] AndroidManifest.xml:31:9-34:40
	android:enabled
		ADDED from [org.altbeacon:android-beacon-library:2.6.1] AndroidManifest.xml:33:13-35
	android:exported
		ADDED from [org.altbeacon:android-beacon-library:2.6.1] AndroidManifest.xml:34:13-37
	android:name
		ADDED from [org.altbeacon:android-beacon-library:2.6.1] AndroidManifest.xml:32:13-70